<?xml version="1.0" encoding="UTF-8"?>
<!-- Generated by org.testng.reporters.JUnitXMLReporter -->
<testsuite ignored="2" hostname="ASUS" failures="0" tests="1" name="Default test" time="0.164" errors="0" timestamp="2021-06-20T15:20:13 IST">
  <testcase classname="TestClass.TestClass1" name="@BeforeTest launchBrowser" time="-1.624182613142E9">
    <failure type="org.testng.TestNGException" message="
Parameter &amp;apos;browser&amp;apos; is required by BeforeTest on method launchBrowser but has not been marked @Optional or defined
in C:\Users\AMD\AppData\Local\Temp\testng-eclipse--1493482237\testng-customsuite.xml">
      <![CDATA[org.testng.TestNGException: 
Parameter 'browser' is required by BeforeTest on method launchBrowser but has not been marked @Optional or defined
in C:\Users\AMD\AppData\Local\Temp\testng-eclipse--1493482237\testng-customsuite.xml
at org.testng.internal.Parameters.createParams(Parameters.java:270)
at org.testng.internal.Parameters.createParametersForMethod(Parameters.java:358)
at org.testng.internal.Parameters.createParameters(Parameters.java:700)
at org.testng.internal.Parameters.createConfigurationParameters(Parameters.java:168)
at org.testng.internal.ConfigInvoker.invokeConfigurations(ConfigInvoker.java:302)
at org.testng.TestRunner.invokeTestConfigurations(TestRunner.java:637)
at org.testng.TestRunner.beforeRun(TestRunner.java:627)
at org.testng.TestRunner.run(TestRunner.java:589)
at org.testng.SuiteRunner.runTest(SuiteRunner.java:377)
at org.testng.SuiteRunner.runSequentially(SuiteRunner.java:371)
at org.testng.SuiteRunner.privateRun(SuiteRunner.java:332)
at org.testng.SuiteRunner.run(SuiteRunner.java:276)
at org.testng.SuiteRunnerWorker.runSuite(SuiteRunnerWorker.java:53)
at org.testng.SuiteRunnerWorker.run(SuiteRunnerWorker.java:96)
at org.testng.TestNG.runSuitesSequentially(TestNG.java:1212)
at org.testng.TestNG.runSuitesLocally(TestNG.java:1134)
at org.testng.TestNG.runSuites(TestNG.java:1063)
at org.testng.TestNG.run(TestNG.java:1031)
at org.testng.remote.AbstractRemoteTestNG.run(AbstractRemoteTestNG.java:115)
at org.testng.remote.RemoteTestNG.initAndRun(RemoteTestNG.java:251)
at org.testng.remote.RemoteTestNG.main(RemoteTestNG.java:77)
]]>
    </failure>
  </testcase> <!-- @BeforeTest launchBrowser -->
  <testcase classname="TestClass.TestClass1" name="@BeforeClass beforeclass" time="-1.624182613226E9">
    <skipped/>
  </testcase> <!-- @BeforeClass beforeclass -->
  <testcase classname="TestClass.TestClass1" name="@BeforeMethod beforemethod" time="-1.624182613256E9">
    <skipped/>
  </testcase> <!-- @BeforeMethod beforemethod -->
  <testcase classname="TestClass.TestClass1" name="@AfterMethod Aftermethod" time="-1.624182613278E9">
    <skipped/>
  </testcase> <!-- @AfterMethod Aftermethod -->
  <testcase classname="TestClass.TestClass1" name="@AfterClass AfterClass" time="-1.624182613284E9">
    <skipped/>
  </testcase> <!-- @AfterClass AfterClass -->
  <testcase classname="TestClass.TestClass1" name="verifyMobileButton" time="0.0">
    <skipped/>
  </testcase> <!-- verifyMobileButton -->
  <testcase classname="TestClass.TestClass1" name="verifyAmazonPayButton" time="0.0">
    <ignored/>
  </testcase> <!-- verifyAmazonPayButton -->
  <testcase classname="TestClass.TestClass1" name="verifyBestSellerButton" time="0.0">
    <ignored/>
  </testcase> <!-- verifyBestSellerButton -->
</testsuite> <!-- Default test -->
